[INFO] 12/30/2025 11:19:09 AM : Logger succesfully created
[INFO] 12/30/2025 11:19:09 AM : Starting Process
[WARNING] 12/30/2025 11:19:09 AM : Skiprows detected (1) for input file, possible header anomaly.
[INFO] 12/30/2025 11:19:17 AM : Building partner dataset: 3657 input rows, output -> Z:\MDM\998_CHecks\2025-12-30_11-19_REPORT\latest_datas.xlsx
[INFO] 12/30/2025 11:20:00 AM : Final partner dataset saved: Z:\MDM\998_CHecks\2025-12-30_11-19_REPORT\latest_datas.xlsx (3622 rows)
[INFO] 12/30/2025 11:20:00 AM : Partner dataset built: Z:\MDM\998_CHecks\2025-12-30_11-19_REPORT\latest_datas.xlsx (3622 rows)
[INFO] 12/30/2025 11:20:00 AM : VAT process started for column 'VAT' in Z:\MDM\998_CHecks\2025-12-30_11-19_REPORT\vat
[INFO] 12/30/2025 11:20:00 AM : 100 Saving Z:\MDM\998_CHecks\2025-12-30_11-19_REPORT\vat\data\vat_data_part000.csv with 100 entries
[INFO] 12/30/2025 11:20:00 AM : 200 Saving Z:\MDM\998_CHecks\2025-12-30_11-19_REPORT\vat\data\vat_data_part001.csv with 100 entries
[INFO] 12/30/2025 11:20:00 AM : 300 Saving Z:\MDM\998_CHecks\2025-12-30_11-19_REPORT\vat\data\vat_data_part002.csv with 100 entries
[INFO] 12/30/2025 11:20:00 AM : 400 Saving Z:\MDM\998_CHecks\2025-12-30_11-19_REPORT\vat\data\vat_data_part003.csv with 100 entries
[INFO] 12/30/2025 11:20:00 AM : 500 Saving Z:\MDM\998_CHecks\2025-12-30_11-19_REPORT\vat\data\vat_data_part004.csv with 100 entries
[INFO] 12/30/2025 11:20:00 AM : 600 Saving Z:\MDM\998_CHecks\2025-12-30_11-19_REPORT\vat\data\vat_data_part005.csv with 100 entries
[INFO] 12/30/2025 11:20:01 AM : 700 Saving Z:\MDM\998_CHecks\2025-12-30_11-19_REPORT\vat\data\vat_data_part006.csv with 100 entries
[INFO] 12/30/2025 11:20:01 AM : 800 Saving Z:\MDM\998_CHecks\2025-12-30_11-19_REPORT\vat\data\vat_data_part007.csv with 100 entries
[INFO] 12/30/2025 11:20:01 AM : 900 Saving Z:\MDM\998_CHecks\2025-12-30_11-19_REPORT\vat\data\vat_data_part008.csv with 100 entries
[INFO] 12/30/2025 11:20:01 AM : 1000 Saving Z:\MDM\998_CHecks\2025-12-30_11-19_REPORT\vat\data\vat_data_part009.csv with 100 entries
[INFO] 12/30/2025 11:20:01 AM : 1100 Saving Z:\MDM\998_CHecks\2025-12-30_11-19_REPORT\vat\data\vat_data_part010.csv with 100 entries
[INFO] 12/30/2025 11:20:01 AM : 1200 Saving Z:\MDM\998_CHecks\2025-12-30_11-19_REPORT\vat\data\vat_data_part011.csv with 100 entries
[INFO] 12/30/2025 11:20:01 AM : 1300 Saving Z:\MDM\998_CHecks\2025-12-30_11-19_REPORT\vat\data\vat_data_part012.csv with 100 entries
[INFO] 12/30/2025 11:20:01 AM : 1400 Saving Z:\MDM\998_CHecks\2025-12-30_11-19_REPORT\vat\data\vat_data_part013.csv with 100 entries
[INFO] 12/30/2025 11:20:01 AM : BP=0000900080 type=siret status=Actif
[INFO] 12/30/2025 11:20:01 AM : 1500 Saving Z:\MDM\998_CHecks\2025-12-30_11-19_REPORT\vat\data\vat_data_part014.csv with 100 entries
[WARNING] 12/30/2025 11:20:01 AM : BP=0000900081 skipped: no valid SIREN/SIRET provided
[INFO] 12/30/2025 11:20:01 AM : 1600 Saving Z:\MDM\998_CHecks\2025-12-30_11-19_REPORT\vat\data\vat_data_part015.csv with 100 entries
[INFO] 12/30/2025 11:20:01 AM : 1700 Saving Z:\MDM\998_CHecks\2025-12-30_11-19_REPORT\vat\data\vat_data_part016.csv with 100 entries
[WARNING] 12/30/2025 11:20:01 AM : BP=0000900083 skipped: no valid SIREN/SIRET provided
[INFO] 12/30/2025 11:20:02 AM : 1800 Saving Z:\MDM\998_CHecks\2025-12-30_11-19_REPORT\vat\data\vat_data_part017.csv with 100 entries
[WARNING] 12/30/2025 11:20:02 AM : BP=0000900084 skipped: no valid SIREN/SIRET provided
[INFO] 12/30/2025 11:20:02 AM : 1900 Saving Z:\MDM\998_CHecks\2025-12-30_11-19_REPORT\vat\data\vat_data_part018.csv with 100 entries
[INFO] 12/30/2025 11:20:02 AM : 2000 Saving Z:\MDM\998_CHecks\2025-12-30_11-19_REPORT\vat\data\vat_data_part019.csv with 100 entries
[INFO] 12/30/2025 11:20:02 AM : 2100 Saving Z:\MDM\998_CHecks\2025-12-30_11-19_REPORT\vat\data\vat_data_part020.csv with 100 entries
[INFO] 12/30/2025 11:20:02 AM : 2200 Saving Z:\MDM\998_CHecks\2025-12-30_11-19_REPORT\vat\data\vat_data_part021.csv with 100 entries
[INFO] 12/30/2025 11:20:02 AM : 2300 Saving Z:\MDM\998_CHecks\2025-12-30_11-19_REPORT\vat\data\vat_data_part022.csv with 100 entries
[INFO] 12/30/2025 11:20:02 AM : 2400 Saving Z:\MDM\998_CHecks\2025-12-30_11-19_REPORT\vat\data\vat_data_part023.csv with 100 entries
[INFO] 12/30/2025 11:20:02 AM : 2500 Saving Z:\MDM\998_CHecks\2025-12-30_11-19_REPORT\vat\data\vat_data_part024.csv with 100 entries
[INFO] 12/30/2025 11:20:02 AM : 2600 Saving Z:\MDM\998_CHecks\2025-12-30_11-19_REPORT\vat\data\vat_data_part025.csv with 100 entries
[INFO] 12/30/2025 11:20:02 AM : 2700 Saving Z:\MDM\998_CHecks\2025-12-30_11-19_REPORT\vat\data\vat_data_part026.csv with 100 entries
[INFO] 12/30/2025 11:20:02 AM : 2800 Saving Z:\MDM\998_CHecks\2025-12-30_11-19_REPORT\vat\data\vat_data_part027.csv with 100 entries
[INFO] 12/30/2025 11:20:02 AM : BP=0000900085 type=siret status=Actif
[INFO] 12/30/2025 11:20:03 AM : 2900 Saving Z:\MDM\998_CHecks\2025-12-30_11-19_REPORT\vat\data\vat_data_part028.csv with 100 entries
[WARNING] 12/30/2025 11:20:03 AM : BP=0000910024 skipped: no valid SIREN/SIRET provided
[INFO] 12/30/2025 11:20:03 AM : 3000 Saving Z:\MDM\998_CHecks\2025-12-30_11-19_REPORT\vat\data\vat_data_part029.csv with 100 entries
[WARNING] 12/30/2025 11:20:03 AM : BP=0000910025 skipped: no valid SIREN/SIRET provided
[INFO] 12/30/2025 11:20:03 AM : Saving Z:\MDM\998_CHecks\2025-12-30_11-19_REPORT\vat\data\vat_data_part030.csv with 64 entries
[INFO] 12/30/2025 11:20:03 AM : Preparing to submit 31 batch files from Z:\MDM\998_CHecks\2025-12-30_11-19_REPORT\vat\data
[INFO] 12/30/2025 11:20:03 AM : Submitting batch file Z:\MDM\998_CHecks\2025-12-30_11-19_REPORT\vat\data\vat_data_part000.csv
[INFO] 12/30/2025 11:20:04 AM : BP=0000990011 type=siret status=Actif
[INFO] 12/30/2025 11:20:04 AM : Recieved token : PROCESSING
[INFO] 12/30/2025 11:20:04 AM : Batch Z:\MDM\998_CHecks\2025-12-30_11-19_REPORT\vat\data\vat_data_part000.csv accepted, token 3d8c438b-9745-4e41-94a6-8365f1acecff
[INFO] 12/30/2025 11:20:04 AM : Batch file vat_data_part000.csv submitted successfully.
[INFO] 12/30/2025 11:20:04 AM : Submitting batch file Z:\MDM\998_CHecks\2025-12-30_11-19_REPORT\vat\data\vat_data_part001.csv
[INFO] 12/30/2025 11:20:05 AM : BP=0000990012 type=siret status=Actif
[INFO] 12/30/2025 11:20:06 AM : BP=0001000000 type=siret status=Actif
[INFO] 12/30/2025 11:20:06 AM : BP=0001000001 type=siret status=Actif
[INFO] 12/30/2025 11:20:07 AM : Recieved token : REJECTED
[INFO] 12/30/2025 11:20:07 AM : Submitting batch file Z:\MDM\998_CHecks\2025-12-30_11-19_REPORT\vat\data\vat_data_part001.csv
[INFO] 12/30/2025 11:20:08 AM : BP=0001000002 type=siret status=Actif
[INFO] 12/30/2025 11:20:09 AM : Recieved token : REJECTED
[INFO] 12/30/2025 11:20:09 AM : Submitting batch file Z:\MDM\998_CHecks\2025-12-30_11-19_REPORT\vat\data\vat_data_part001.csv
[INFO] 12/30/2025 11:20:09 AM : BP=0001000003 type=siret status=Actif
[INFO] 12/30/2025 11:20:10 AM : BP=0001000004 type=siret status=Actif
[INFO] 12/30/2025 11:20:10 AM : Recieved token : REJECTED
[INFO] 12/30/2025 11:20:10 AM : Submitting batch file Z:\MDM\998_CHecks\2025-12-30_11-19_REPORT\vat\data\vat_data_part001.csv
[INFO] 12/30/2025 11:20:11 AM : BP=0001000005 type=siret status=Actif
[INFO] 12/30/2025 11:20:11 AM : Recieved token : REJECTED
[INFO] 12/30/2025 11:20:11 AM : Submitting batch file Z:\MDM\998_CHecks\2025-12-30_11-19_REPORT\vat\data\vat_data_part001.csv
[INFO] 12/30/2025 11:20:12 AM : BP=0001000007 type=siret status=Actif
[INFO] 12/30/2025 11:20:13 AM : Recieved token : REJECTED
[INFO] 12/30/2025 11:20:13 AM : Submitting batch file Z:\MDM\998_CHecks\2025-12-30_11-19_REPORT\vat\data\vat_data_part001.csv
[INFO] 12/30/2025 11:20:13 AM : BP=0001000008 type=siret status=Actif
[INFO] 12/30/2025 11:20:14 AM : BP=0001000009 type=siret status=Actif
[INFO] 12/30/2025 11:20:14 AM : Recieved token : REJECTED
[INFO] 12/30/2025 11:20:14 AM : Submitting batch file Z:\MDM\998_CHecks\2025-12-30_11-19_REPORT\vat\data\vat_data_part001.csv
[INFO] 12/30/2025 11:20:15 AM : BP=0001000010 type=siret status=Actif
[INFO] 12/30/2025 11:20:16 AM : Recieved token : REJECTED
[INFO] 12/30/2025 11:20:16 AM : Submitting batch file Z:\MDM\998_CHecks\2025-12-30_11-19_REPORT\vat\data\vat_data_part001.csv
[INFO] 12/30/2025 11:20:16 AM : BP=0001000011 type=siret status=Actif
[INFO] 12/30/2025 11:20:17 AM : BP=0001000012 type=siret status=Actif
[INFO] 12/30/2025 11:20:17 AM : Recieved token : REJECTED
[INFO] 12/30/2025 11:20:17 AM : Submitting batch file Z:\MDM\998_CHecks\2025-12-30_11-19_REPORT\vat\data\vat_data_part001.csv
[INFO] 12/30/2025 11:20:18 AM : BP=0001000014 type=siret status=Fermé
[INFO] 12/30/2025 11:20:18 AM : Recieved token : REJECTED
[INFO] 12/30/2025 11:20:18 AM : Submitting batch file Z:\MDM\998_CHecks\2025-12-30_11-19_REPORT\vat\data\vat_data_part001.csv
