[INFO] 12/30/2025 11:08:58 AM : Logger succesfully created
[INFO] 12/30/2025 11:08:58 AM : Starting Process
[WARNING] 12/30/2025 11:08:58 AM : Skiprows detected (1) for input file, possible header anomaly.
[INFO] 12/30/2025 11:09:01 AM : Building partner dataset: 3657 input rows, output -> Z:\MDM\998_CHecks\2025-12-30_11-08_REPORT\latest_datas.xlsx
[INFO] 12/30/2025 11:09:40 AM : Final partner dataset saved: Z:\MDM\998_CHecks\2025-12-30_11-08_REPORT\latest_datas.xlsx (3622 rows)
[INFO] 12/30/2025 11:09:40 AM : Partner dataset built: Z:\MDM\998_CHecks\2025-12-30_11-08_REPORT\latest_datas.xlsx (3622 rows)
[INFO] 12/30/2025 11:09:40 AM : VAT process started for column 'VAT' in Z:\MDM\998_CHecks\2025-12-30_11-08_REPORT\vat
[INFO] 12/30/2025 11:09:40 AM : 100 Saving Z:\MDM\998_CHecks\2025-12-30_11-08_REPORT\vat\data\vat_data_part000.csv with 100 entries
[INFO] 12/30/2025 11:09:40 AM : 200 Saving Z:\MDM\998_CHecks\2025-12-30_11-08_REPORT\vat\data\vat_data_part001.csv with 100 entries
[INFO] 12/30/2025 11:09:41 AM : 300 Saving Z:\MDM\998_CHecks\2025-12-30_11-08_REPORT\vat\data\vat_data_part002.csv with 100 entries
[INFO] 12/30/2025 11:09:41 AM : 400 Saving Z:\MDM\998_CHecks\2025-12-30_11-08_REPORT\vat\data\vat_data_part003.csv with 100 entries
[INFO] 12/30/2025 11:09:41 AM : BP=0000000902 type=siren status=
[INFO] 12/30/2025 11:09:41 AM : 500 Saving Z:\MDM\998_CHecks\2025-12-30_11-08_REPORT\vat\data\vat_data_part004.csv with 100 entries
[INFO] 12/30/2025 11:09:41 AM : 600 Saving Z:\MDM\998_CHecks\2025-12-30_11-08_REPORT\vat\data\vat_data_part005.csv with 100 entries
[INFO] 12/30/2025 11:09:41 AM : BP=0000009009 type=siren status=
[INFO] 12/30/2025 11:09:41 AM : 700 Saving Z:\MDM\998_CHecks\2025-12-30_11-08_REPORT\vat\data\vat_data_part006.csv with 100 entries
[WARNING] 12/30/2025 11:09:41 AM : BP=0000009087 skipped: no valid SIREN/SIRET provided
[INFO] 12/30/2025 11:09:41 AM : 800 Saving Z:\MDM\998_CHecks\2025-12-30_11-08_REPORT\vat\data\vat_data_part007.csv with 100 entries
[WARNING] 12/30/2025 11:09:41 AM : BP=0000009088 skipped: no valid SIREN/SIRET provided
[INFO] 12/30/2025 11:09:41 AM : 900 Saving Z:\MDM\998_CHecks\2025-12-30_11-08_REPORT\vat\data\vat_data_part008.csv with 100 entries
[INFO] 12/30/2025 11:09:41 AM : 1000 Saving Z:\MDM\998_CHecks\2025-12-30_11-08_REPORT\vat\data\vat_data_part009.csv with 100 entries
[WARNING] 12/30/2025 11:09:41 AM : BP=0000009089 skipped: no valid SIREN/SIRET provided
[INFO] 12/30/2025 11:09:41 AM : 1100 Saving Z:\MDM\998_CHecks\2025-12-30_11-08_REPORT\vat\data\vat_data_part010.csv with 100 entries
[INFO] 12/30/2025 11:09:41 AM : 1200 Saving Z:\MDM\998_CHecks\2025-12-30_11-08_REPORT\vat\data\vat_data_part011.csv with 100 entries
[INFO] 12/30/2025 11:09:41 AM : 1300 Saving Z:\MDM\998_CHecks\2025-12-30_11-08_REPORT\vat\data\vat_data_part012.csv with 100 entries
[INFO] 12/30/2025 11:09:41 AM : 1400 Saving Z:\MDM\998_CHecks\2025-12-30_11-08_REPORT\vat\data\vat_data_part013.csv with 100 entries
[INFO] 12/30/2025 11:09:41 AM : 1500 Saving Z:\MDM\998_CHecks\2025-12-30_11-08_REPORT\vat\data\vat_data_part014.csv with 100 entries
[INFO] 12/30/2025 11:09:42 AM : 1600 Saving Z:\MDM\998_CHecks\2025-12-30_11-08_REPORT\vat\data\vat_data_part015.csv with 100 entries
[INFO] 12/30/2025 11:09:42 AM : 1700 Saving Z:\MDM\998_CHecks\2025-12-30_11-08_REPORT\vat\data\vat_data_part016.csv with 100 entries
[INFO] 12/30/2025 11:09:42 AM : 1800 Saving Z:\MDM\998_CHecks\2025-12-30_11-08_REPORT\vat\data\vat_data_part017.csv with 100 entries
[INFO] 12/30/2025 11:09:42 AM : 1900 Saving Z:\MDM\998_CHecks\2025-12-30_11-08_REPORT\vat\data\vat_data_part018.csv with 100 entries
[INFO] 12/30/2025 11:09:42 AM : 2000 Saving Z:\MDM\998_CHecks\2025-12-30_11-08_REPORT\vat\data\vat_data_part019.csv with 100 entries
[INFO] 12/30/2025 11:09:42 AM : 2100 Saving Z:\MDM\998_CHecks\2025-12-30_11-08_REPORT\vat\data\vat_data_part020.csv with 100 entries
[INFO] 12/30/2025 11:09:42 AM : BP=0000009910 type=siret status=Actif
[INFO] 12/30/2025 11:09:42 AM : 2200 Saving Z:\MDM\998_CHecks\2025-12-30_11-08_REPORT\vat\data\vat_data_part021.csv with 100 entries
[INFO] 12/30/2025 11:09:42 AM : 2300 Saving Z:\MDM\998_CHecks\2025-12-30_11-08_REPORT\vat\data\vat_data_part022.csv with 100 entries
[INFO] 12/30/2025 11:09:42 AM : 2400 Saving Z:\MDM\998_CHecks\2025-12-30_11-08_REPORT\vat\data\vat_data_part023.csv with 100 entries
[INFO] 12/30/2025 11:09:42 AM : 2500 Saving Z:\MDM\998_CHecks\2025-12-30_11-08_REPORT\vat\data\vat_data_part024.csv with 100 entries
[INFO] 12/30/2025 11:09:42 AM : 2600 Saving Z:\MDM\998_CHecks\2025-12-30_11-08_REPORT\vat\data\vat_data_part025.csv with 100 entries
[INFO] 12/30/2025 11:09:42 AM : 2700 Saving Z:\MDM\998_CHecks\2025-12-30_11-08_REPORT\vat\data\vat_data_part026.csv with 100 entries
